Shike/proguard_logs/seeds.txt
com.yshow.shike.R$anim: int anim_interpolator
com.yshow.shike.R$anim: int anim_window_close_in
com.yshow.shike.R$anim: int anim_window_close_out
com.yshow.shike.R$anim: int anim_window_in
com.yshow.shike.R$anim: int anim_window_out
com.yshow.shike.R$anim: int dialog_enter
com.yshow.shike.R$anim: int dialog_enter_from_top
com.yshow.shike.R$anim: int dialog_exit
com.yshow.shike.R$anim: int dialog_exit_to_top
com.yshow.shike.R$anim: int push_bottom_in
com.yshow.shike.R$anim: int push_bottom_out
com.yshow.shike.R$anim: int share_friend_dialog_in
com.yshow.shike.R$anim: int share_friend_dialog_out
com.yshow.shike.R$attr: int behindOffset
com.yshow.shike.R$attr: int behindScrollScale
com.yshow.shike.R$attr: int behindWidth
com.yshow.shike.R$attr: int fadeDegree
com.yshow.shike.R$attr: int fadeEnabled
com.yshow.shike.R$attr: int mode
com.yshow.shike.R$attr: int selectorDrawable
com.yshow.shike.R$attr: int selectorEnabled
com.yshow.shike.R$attr: int shadowDrawable
com.yshow.shike.R$attr: int shadowWidth
com.yshow.shike.R$attr: int touchModeAbove
com.yshow.shike.R$attr: int touchModeBehind
com.yshow.shike.R$attr: int viewAbove
com.yshow.shike.R$attr: int viewBehind
com.yshow.shike.R$color: int TextColorWhite
com.yshow.shike.R$color: int black
com.yshow.shike.R$color: int boart_three_color
com.yshow.shike.R$color: int bottom_widow_color
com.yshow.shike.R$color: int btn_blue_nor
com.yshow.shike.R$color: int btn_blue_press
com.yshow.shike.R$color: int btn_stroke_gray
com.yshow.shike.R$color: int button_teather_typeface_color
com.yshow.shike.R$color: int button_typeface_color
com.yshow.shike.R$color: int dialog_tiltle_blue
com.yshow.shike.R$color: int et_file_name
com.yshow.shike.R$color: int gray
com.yshow.shike.R$color: int green1
com.yshow.shike.R$color: int huaxue_btn_nor
com.yshow.shike.R$color: int huaxue_btn_press
com.yshow.shike.R$color: int main_bg
com.yshow.shike.R$color: int pageline_bg
com.yshow.shike.R$color: int red_btn_bg
com.yshow.shike.R$color: int red_btn_press_bg
com.yshow.shike.R$color: int red_color
com.yshow.shike.R$color: int reg
com.yshow.shike.R$color: int reg_bg_dark
com.yshow.shike.R$color: int reg_finsh
com.yshow.shike.R$color: int shuxue_btn_nor
com.yshow.shike.R$color: int shuxue_btn_press
com.yshow.shike.R$color: int sk_student_main_color
com.yshow.shike.R$color: int slide_btn3_bg_nor
com.yshow.shike.R$color: int slide_btn3_bg_press
com.yshow.shike.R$color: int slide_btn4_bg_nor
com.yshow.shike.R$color: int slide_btn4_bg_press
com.yshow.shike.R$color: int slide_btn5_bg_nor
com.yshow.shike.R$color: int slide_btn5_bg_press
com.yshow.shike.R$color: int slide_btn6_bg_nor
com.yshow.shike.R$dimen: int iamg_side
com.yshow.shike.R$dimen: int iamge_scan
com.yshow.shike.R$dimen: int margin
com.yshow.shike.R$dimen: int margin_rightandleft
com.yshow.shike.R$dimen: int margin_topandbuttom
com.yshow.shike.R$dimen: int padding_topandbuttom
com.yshow.shike.R$dimen: int pd_tp_bm
com.yshow.shike.R$dimen: int reg_point
com.yshow.shike.R$dimen: int share_text
com.yshow.shike.R$dimen: int slidingmenu_offset
com.yshow.shike.R$dimen: int title_text
com.yshow.shike.R$dimen: int user_text
...
android.support.v4.view.PagerTabStrip
android.support.v4.view.PagerTabStrip: java.lang.String TAG
android.support.v4.view.PagerTabStrip: int INDICATOR_HEIGHT
android.support.v4.view.PagerTabStrip: int MIN_PADDING_BOTTOM
android.support.v4.view.PagerTabStrip: int TAB_PADDING
android.support.v4.view.PagerTabStrip: int TAB_SPACING
android.support.v4.view.PagerTabStrip: int MIN_TEXT_SPACING
android.support.v4.view.PagerTabStrip: int FULL_UNDERLINE_HEIGHT
android.support.v4.view.PagerTabStrip: int MIN_STRIP_HEIGHT
android.support.v4.view.PagerTabStrip: int mIndicatorColor
android.support.v4.view.PagerTabStrip: int mIndicatorHeight
android.support.v4.view.PagerTabStrip: int mMinPaddingBottom
android.support.v4.view.PagerTabStrip: int mMinTextSpacing
android.support.v4.view.PagerTabStrip: int mMinStripHeight
android.support.v4.view.PagerTabStrip: int mTabPadding
android.support.v4.view.PagerTabStrip: android.graphics.Paint mTabPaint
android.support.v4.view.PagerTabStrip: android.graphics.Rect mTempRect
android.support.v4.view.PagerTabStrip: int mTabAlpha
android.support.v4.view.PagerTabStrip: boolean mDrawFullUnderline
android.support.v4.view.PagerTabStrip: boolean mDrawFullUnderlineSet
android.support.v4.view.PagerTabStrip: int mFullUnderlineHeight
android.support.v4.view.PagerTabStrip: boolean mIgnoreTap
android.support.v4.view.PagerTabStrip: float mInitialMotionX
android.support.v4.view.PagerTabStrip: float mInitialMotionY
android.support.v4.view.PagerTabStrip: int mTouchSlop
android.support.v4.view.PagerTabStrip$1
android.support.v4.view.PagerTabStrip$1: android.support.v4.view.PagerTabStrip this$0
android.support.v4.view.PagerTabStrip$1: PagerTabStrip$1(android.support.v4.view.PagerTabStrip)
android.support.v4.view.PagerTabStrip$1: void onClick(android.view.View)
android.support.v4.view.PagerTabStrip$2
android.support.v4.view.PagerTabStrip$2: android.support.v4.view.PagerTabStrip this$0
android.support.v4.view.PagerTabStrip$2: PagerTabStrip$2(android.support.v4.view.PagerTabStrip)
android.support.v4.view.PagerTabStrip$2: void onClick(android.view.View)
android.support.v4.view.PagerTitleStrip
android.support.v4.view.PagerTitleStrip: java.lang.String TAG
android.support.v4.view.PagerTitleStrip: android.support.v4.view.ViewPager mPager
android.support.v4.view.PagerTitleStrip: android.widget.TextView mPrevText
android.support.v4.view.PagerTitleStrip: android.widget.TextView mCurrText
android.support.v4.view.PagerTitleStrip: android.widget.TextView mNextText
android.support.v4.view.PagerTitleStrip: int mLastKnownCurrentPage
android.support.v4.view.PagerTitleStrip: float mLastKnownPositionOffset
android.support.v4.view.PagerTitleStrip: int mScaledTextSpacing
android.support.v4.view.PagerTitleStrip: int mGravity
android.support.v4.view.PagerTitleStrip: boolean mUpdatingText
android.support.v4.view.PagerTitleStrip: boolean mUpdatingPositions
android.support.v4.view.PagerTitleStrip: android.support.v4.view.PagerTitleStrip$PageListener mPageListener
android.support.v4.view.PagerTitleStrip: java.lang.ref.WeakReference mWatchingAdapter
android.support.v4.view.PagerTitleStrip: int[] ATTRS
android.support.v4.view.PagerTitleStrip: int[] TEXT_ATTRS
android.support.v4.view.PagerTitleStrip: float SIDE_ALPHA
android.support.v4.view.PagerTitleStrip: int TEXT_SPACING
android.support.v4.view.PagerTitleStrip: int mNonPrimaryAlpha
android.support.v4.view.PagerTitleStrip: int mTextColor
android.support.v4.view.PagerTitleStrip: android.support.v4.view.PagerTitleStrip$PagerTitleStripImpl IMPL
android.support.v4.view.PagerTitleStrip$1