Shike/proguard_logs/mapping.txt
com.yshow.shike.SubjectIds -> com.yshow.shike.a:
    java.lang.String mSubjectId -> a
com.yshow.shike.UIApplication -> com.yshow.shike.UIApplication:
    java.util.List bitmaplist -> a
    com.yshow.shike.UIApplication instance -> b
    java.lang.String mac -> c
    java.lang.Boolean reg_tea_three -> d
    java.lang.Boolean attention_tea -> e
    java.lang.String user_name -> f
    java.util.List myPicUrls -> g
    50:51:void setReg_tea_three(java.lang.Boolean) -> a
    62:69:void onCreate() -> onCreate
    72:78:void initImageLoader(android.content.Context) -> a
    82:82:java.util.List getList() -> a
    86:86:com.yshow.shike.UIApplication getInstance() -> b
    94:94:java.util.List getPicUrls() -> c
    98:107:void cleanbitmaplist() -> d
    110:118:void cleanPicUrls() -> e
    140:140:java.lang.String toString() -> toString
com.yshow.shike.activities.ActicityStudentInfo -> com.yshow.shike.activities.ActicityStudentInfo:
    android.widget.TextView tv_stu_nick -> b
    android.widget.TextView tv_stu_day -> c
    android.widget.TextView tv_stu_ti_wen -> d
    android.widget.ImageView tudent_picture -> e
    com.yshow.shike.entity.Star_Teacher_Parse stu_Info -> f
    com.yshow.shike.entity.SKMessage extra -> g
    android.widget.TextView diqu -> h
    android.widget.TextView ziwojieshao -> i
    com.yshow.shike.entity.Student_Info student_Info -> a
    com.nostra13.universalimageloader.core.DisplayImageOptions options -> j
    com.nostra13.universalimageloader.core.ImageLoader imageLoader -> k
    android.view.View$OnClickListener listener -> l
    46:49:void onCreate(android.os.Bundle) -> onCreate
    52:66:void initData() -> a
    81:88:void None_Null() -> b
    91:108:void Student_InFo(java.lang.String) -> a
    112:118:void stu_info() -> c
    122:123:void showPic(java.lang.String,android.widget.ImageView) -> a
    29:29:android.widget.TextView access$000(com.yshow.shike.activities.ActicityStudentInfo) -> a
    29:29:android.widget.TextView access$100(com.yshow.shike.activities.ActicityStudentInfo) -> b
    29:29:android.widget.TextView access$200(com.yshow.shike.activities.ActicityStudentInfo) -> c
    29:29:android.widget.TextView access$300(com.yshow.shike.activities.ActicityStudentInfo) -> d
    29:29:android.widget.TextView access$400(com.yshow.shike.activities.ActicityStudentInfo) -> e
com.yshow.shike.activities.ActicityStudentInfo$1 -> com.yshow.shike.activities.a:
    com.yshow.shike.activities.ActicityStudentInfo this$0 -> a
    71:76:void onClick(android.view.View) -> onClick
com.yshow.shike.activities.ActicityStudentInfo$2 -> com.yshow.shike.activities.b:
    com.yshow.shike.activities.ActicityStudentInfo this$0 -> a
    94:106:void onSuccess(java.lang.String) -> onSuccess
...
u.aly.bn -> a.a.gm:
    int f -> a
u.aly.c -> a.a.gn:
    byte[] a -> a
    java.lang.String b -> b
    java.lang.String c -> c
    byte[] d -> d
    byte[] e -> e
    byte[] f -> f
    int g -> g
    int h -> h
    int i -> i
    byte[] j -> j
    byte[] k -> k
    54:55:void a(java.lang.String) -> a
    58:58:java.lang.String a() -> a
    62:63:void a(int) -> a
    67:87:u.aly.c a(android.content.Context,java.lang.String,byte[]) -> a
    95:101:void b() -> b
    104:135:byte[] a(byte[],int) -> a
    139:139:byte[] d() -> d
    143:151:byte[] e() -> e
    155:173:byte[] c() -> c
    177:189:java.lang.String toString() -> toString
    195:204:byte[] a(byte[]) -> a
    209:214:java.lang.String b(byte[]) -> b
    218:230:byte[] b(java.lang.String) -> b
u.aly.d -> a.a.go:
    java.lang.String a -> a
    java.io.File b -> b
    u.aly.S c -> c
    long d -> d
    long e -> e
    java.util.Set f -> f
    42:43:void a(u.aly.a) -> a
    50:72:void a() -> a
    75:75:u.aly.S b() -> b
    79:101:void g() -> f
    108:122:void d() -> c
    125:149:void e() -> d
    152:153:void f() -> e
    156:172:u.aly.S h() -> g
    176:190:void a(u.aly.S) -> a
u.aly.e -> a.a.gp:
    android.content.Context b -> a
    22:38:java.lang.String f() -> f
u.aly.f -> a.a.gq:
    byte[] b -> a
    u.aly.T c -> b
    android.content.Context d -> c
    35:47:java.lang.String a(u.aly.T) -> a
    51:64:boolean c(u.aly.T) -> c
    68:80:byte[] a(u.aly.U) -> a
    84:108:void b(u.aly.T) -> b
    111:129:u.aly.T a(u.aly.T,u.aly.T) -> a
    133:133:u.aly.T a() -> a
    137:163:void b() -> b
    166:176:void c() -> c
u.aly.g -> a.a.gr:
    android.content.Context b -> a
    19:28:java.lang.String f() -> f
u.aly.h -> a.a.gs:
    u.aly.d a -> a
    u.aly.f b -> b
    11:22:u.aly.d a(android.content.Context) -> a
    26:31:u.aly.f b(android.content.Context) -> b
u.aly.i -> a.a.gt:
    java.util.regex.Pattern c -> a
    android.content.Context d -> b
    28:28:java.lang.String f() -> f
    32:47:java.lang.String g() -> g
    51:61:java.lang.String b(java.lang.String) -> b
    65:76:java.io.File h() -> h
u.aly.j -> a.a.gu:
    u.aly.q a -> a
    u.aly.r b -> b
    com.umeng.analytics.ReportPolicy$e c -> c
    com.umeng.analytics.f d -> d
    u.aly.w e -> e
    u.aly.d f -> f
    int g -> g
    android.content.Context h -> h
    55:60:void a() -> a
    69:78:void a(u.aly.p) -> a
    84:85:void b(u.aly.p) -> b
    88:104:void b() -> b
    108:157:byte[] c() -> c
    161:173:u.aly.af a(byte[]) -> a
    178:183:byte[] a(u.aly.af) -> a
    187:202:boolean a(boolean) -> a
    206:206:boolean d() -> d
    212:226:void e() -> e
    230:282:void f() -> f
    285:310:void a(int,int) -> a
    314:316:void a(int,long) -> a
u.aly.k -> a.a.gv:
    u.aly.o a -> a
    android.content.Context b -> b
    u.aly.k c -> c
    22:26:u.aly.k a(android.content.Context) -> a
    34:37:void a(com.umeng.analytics.onlineconfig.a) -> a
    40:45:void a(u.aly.p) -> a
    48:49:void b(u.aly.p) -> b
    52:57:void a() -> a
    60:65:void b() -> b
    11:11:u.aly.o a(u.aly.k) -> a
u.aly.k$1 -> a.a.gw:
    u.aly.k a -> a
    u.aly.p b -> b
    42:43:void a() -> a
u.aly.k$2 -> a.a.gx:
    u.aly.k a -> a
    54:55:void a() -> a
u.aly.k$3 -> a.a.gy:
    u.aly.k a -> a
    62:63:void a() -> a
u.aly.l -> a.a.gz:
    java.lang.String a -> a
    boolean b -> b
    android.content.SharedPreferences c -> c
    java.util.Map d -> d
    24:25:void a(boolean) -> a
    36:51:void a(java.lang.String,u.aly.A) -> a
    54:70:u.aly.A b(java.lang.String) -> a
    74:86:void c(java.lang.String) -> b
    94:108:boolean d(java.lang.String) -> c
u.aly.m -> a.a.ha:
    java.lang.Thread$UncaughtExceptionHandler a -> a
    u.aly.t b -> b
    26:27:void a(u.aly.t) -> a
    31:36:void uncaughtException(java.lang.Thread,java.lang.Throwable) -> uncaughtException
    39:44:void a(java.lang.Throwable) -> a