Shike/proguard_logs/usage.txt
com.yshow.shike.BuildConfig
com.yshow.shike.CrashHandler
com.yshow.shike.CrashHandler$1
com.yshow.shike.R
com.yshow.shike.R$anim
com.yshow.shike.R$attr
com.yshow.shike.R$color
com.yshow.shike.R$dimen
com.yshow.shike.R$drawable
com.yshow.shike.R$id
com.yshow.shike.R$layout
com.yshow.shike.R$raw
com.yshow.shike.R$string
com.yshow.shike.R$style
com.yshow.shike.R$styleable
com.yshow.shike.SubjectIds:
    public static final java.lang.String YUWEN
    public static final java.lang.String SHUXUE
    public static final java.lang.String YINGYU
    public static final java.lang.String WULI
    public static final java.lang.String HUAXUE
    6:6:public SubjectIds()
com.yshow.shike.UIApplication:
    30:30:public java.lang.String getUser_name()
    34:35:public void setUser_name(java.lang.String)
    38:38:public java.lang.Boolean getAttention_tea()
    42:43:public void setAttention_tea(java.lang.Boolean)
    46:46:public java.lang.Boolean getReg_tea_three()
    54:54:public java.lang.String getMac()
    58:59:public void setMac(java.lang.String)
    90:91:public void addPicUrls(java.lang.String)
    121:135:public java.io.File getExternalStorageDirectory()
com.yshow.shike.activities.ActicityStudentInfo:
    129:147:private void skGetArea()
com.yshow.shike.activities.ActicityStudentInfo$3
com.yshow.shike.activities.ActivitySelectTeacher$Callback
com.yshow.shike.activities.AppraiseMainActivity:
    private java.lang.String praiseFileId
    private java.lang.String fileId
com.yshow.shike.activities.ImageActivity:
    private android.widget.TextView tea_end
    147:159:private void addVoiceLayout()
com.yshow.shike.activities.PublishImageActivity:
    private android.widget.TextView tea_end
com.yshow.shike.activities.Student_Main_Activity:
    private android.support.v4.app.FragmentTransaction ft
com.yshow.shike.activities.TeacherExchangeMoneyActivity:
    164:171:private void refreshUserInfo()
com.yshow.shike.activities.TeacherExchangeMoneyActivity$4
com.yshow.shike.activities.Teather_Main_Activity:
    private android.support.v4.app.FragmentTransaction ft
    private android.app.Dialog dialog
com.yshow.shike.adapter.SKMessageAdapter$MessageHolder:
    android.widget.LinearLayout messageitme
com.yshow.shike.adapter.SKQuestsAdapter
com.yshow.shike.bottompopwindow.SelectPicPopupWindow
com.yshow.shike.bottompopwindow.SelectPicPopupWindow$1
com.yshow.shike.bottompopwindow.SelectPicPopupWindow$2
com.yshow.shike.customview.CustomListView:
    private static final int RELEASE_TO_REFRESH
    private static final int PULL_TO_REFRESH
    private static final int REFRESHING
    private static final int DONE
    private static final int LOADING
    private static final int RADIO
com.yshow.shike.db.VoiceDatabaseDao:
    private java.lang.String result
    private java.util.List voide_list
    41:51:public java.util.List Query()
    60:68:public java.lang.String Query_Condition(java.lang.String)
com.yshow.shike.fragments.Fragment_Student_GuanYu:
    private android.widget.TextView tv_wenti_send
    private android.widget.EditText fankui
    private android.widget.TextView ev_premiere
    private android.widget.TextView ev_faq_huida
com.yshow.shike.fragments.Stu_messFragment
com.yshow.shike.fragments.UserLoginFragment
com.yshow.shike.fragments.UserLoginFragment$1
...
u.aly.S$e:
    67:75:public static u.aly.S$e a(int)
    84:86:public static u.aly.S$e b(int)
    93:93:public static u.aly.S$e a(java.lang.String)
u.aly.T:
    private static final int j
    139:144:public T(java.util.Map,int,java.lang.String)
    149:170:public T(u.aly.T)
    173:173:public u.aly.T a()
    178:182:public void b()
    185:185:public int c()
    189:193:public void a(java.lang.String,u.aly.U)
    200:201:public u.aly.T a(java.util.Map)
    205:206:public void e()
    210:210:public boolean f()
    230:231:public void i()
    252:253:public void l()
    257:257:public boolean m()
    267:267:public u.aly.T$e c(int)
    320:324:private void a(java.io.ObjectOutputStream)
    329:334:private void a(java.io.ObjectInputStream)
    1:1:public synthetic u.aly.aG b(int)
    1:1:public synthetic u.aly.az g()
u.aly.T$e:
    67:75:public static u.aly.T$e a(int)
    84:86:public static u.aly.T$e b(int)
    93:93:public static u.aly.T$e a(java.lang.String)
u.aly.U:
    private static final int j
    137:141:public U(long,java.lang.String)
    146:155:public U(u.aly.U)
    158:158:public u.aly.U a()
    163:167:public void b()
    174:175:public u.aly.U a(java.lang.String)
    179:180:public void d()
    198:200:public u.aly.U a(long)
    204:205:public void h()
    221:222:public u.aly.U b(java.lang.String)
    226:227:public void k()
    231:231:public boolean l()
    241:241:public u.aly.U$e a(int)
    293:297:private void a(java.io.ObjectOutputStream)
    302:307:private void a(java.io.ObjectInputStream)
    1:1:public synthetic u.aly.aG b(int)
    1:1:public synthetic u.aly.az g()
u.aly.U$e:
    67:75:public static u.aly.U$e a(int)
    84:86:public static u.aly.U$e b(int)
    93:93:public static u.aly.U$e a(java.lang.String)
u.aly.V:
    144:146:public V(java.lang.String)
    151:176:public V(u.aly.V)
    179:179:public u.aly.V a()
    184:188:public void b()
    200:201:public void d()
    205:205:public boolean e()
    215:215:public int f()
    219:219:public java.util.Iterator h()
    230:230:public java.util.List i()
    234:235:public u.aly.V a(java.util.List)
    239:240:public void j()
    254:254:public int l()
    258:258:public java.util.Iterator m()
    269:269:public java.util.List n()
    273:274:public u.aly.V b(java.util.List)
    278:279:public void o()
    293:293:public int q()
    297:297:public java.util.Iterator r()
    308:308:public java.util.List s()
    312:313:public u.aly.V c(java.util.List)
    317:318:public void t()
    332:332:public u.aly.V$e a(int)
    399:403:private void a(java.io.ObjectOutputStream)
    407:411:private void a(java.io.ObjectInputStream)
    1:1:public synthetic u.aly.aG b(int)
    1:1:public synthetic u.aly.az g()
u.aly.V$e:
    70:80:public static u.aly.V$e a(int)
    89:91:public static u.aly.V$e b(int)
    98:98:public static u.aly.V$e a(java.lang.String)
u.aly.W:
    private static final int j
    private static final int k
    private static final int l
    151:156:public W(u.aly.W)
    159:159:public u.aly.W a()
    164:170:public void b()
    173:173:public double c()
    177:179:public u.aly.W a(double)
    183:184:public void d()
    196:196:public double f()
    200:202:public u.aly.W b(double)
    206:207:public void h()
    219:219:public long j()
    223:225:public u.aly.W a(long)
    229:230:public void k()
    242:242:public u.aly.W$e a(int)
    283:287:private void a(java.io.ObjectOutputStream)
    292:297:private void a(java.io.ObjectInputStream)
    1:1:public synthetic u.aly.aG b(int)
    1:1:public synthetic u.aly.az g()
u.aly.W$e:
    67:75:public static u.aly.W$e a(int)
    84:86:public static u.aly.W$e b(int)
    93:93:public static u.aly.W$e a(java.lang.String)